2017-01-18 21:14:48,532 [Worker-11] INFO  o.e.m.c.i.l.LifecycleMappingFactory - Using org.eclipse.m2e.jdt.JarLifecycleMapping lifecycle mapping for MavenProject: SensorProgram:SensorProgram:0.0.1-SNAPSHOT @ /Users/Amanda/FinalYearProject/SensorProgram/pom.xml.
2017-01-18 21:14:49,250 [Worker-11] WARN  o.e.m.c.i.embedder.EclipseLogger - Using platform encoding (UTF-8 actually) to copy filtered resources, i.e. build is platform dependent!
2017-01-18 21:14:49,263 [Worker-11] INFO  o.e.m.c.i.embedder.EclipseLogger - skip non existing resourceDirectory /Users/Amanda/FinalYearProject/SensorProgram/src/main/resources
2017-01-18 21:14:49,267 [Worker-11] WARN  o.e.m.c.i.embedder.EclipseLogger - Using platform encoding (UTF-8 actually) to copy filtered resources, i.e. build is platform dependent!
2017-01-18 21:14:49,267 [Worker-11] INFO  o.e.m.c.i.embedder.EclipseLogger - skip non existing resourceDirectory /Users/Amanda/FinalYearProject/SensorProgram/src/test/resources
2017-01-18 21:14:50,074 [Worker-21] INFO  o.e.m.c.i.l.LifecycleMappingFactory - Using org.eclipse.m2e.jdt.JarLifecycleMapping lifecycle mapping for MavenProject: SensorProgram:SensorProgram:0.0.1-SNAPSHOT @ /Users/Amanda/FinalYearProject/SensorProgram/pom.xml.
2017-01-18 21:14:50,592 [Worker-21] WARN  o.e.m.c.i.embedder.EclipseLogger - Using platform encoding (UTF-8 actually) to copy filtered resources, i.e. build is platform dependent!
2017-01-18 21:14:50,594 [Worker-21] INFO  o.e.m.c.i.embedder.EclipseLogger - skip non existing resourceDirectory /Users/Amanda/FinalYearProject/SensorProgram/src/main/resources
2017-01-18 21:14:50,597 [Worker-21] WARN  o.e.m.c.i.embedder.EclipseLogger - Using platform encoding (UTF-8 actually) to copy filtered resources, i.e. build is platform dependent!
2017-01-18 21:14:50,598 [Worker-21] INFO  o.e.m.c.i.embedder.EclipseLogger - skip non existing resourceDirectory /Users/Amanda/FinalYearProject/SensorProgram/src/test/resources
2017-01-18 21:16:55,440 [Worker-10] INFO  o.e.m.c.i.l.LifecycleMappingFactory - Using org.eclipse.m2e.jdt.JarLifecycleMapping lifecycle mapping for MavenProject: SensorProgram:SensorProgram:0.0.1-SNAPSHOT @ /Users/Amanda/FinalYearProject/SensorProgram/pom.xml.
2017-01-18 21:16:55,815 [Worker-10] INFO  o.e.m.c.i.e.AbstractTransferListenerAdapter - Downloaded https://repo.maven.apache.org/maven2/org/eclipse/paho/org.eclipse.paho.client.mqttv3/%VERSION%/org.eclipse.paho.client.mqttv3-%VERSION%.pom
2017-01-18 21:16:55,971 [Worker-10] WARN  o.e.m.c.i.embedder.EclipseLogger - Using platform encoding (UTF-8 actually) to copy filtered resources, i.e. build is platform dependent!
2017-01-18 21:16:55,972 [Worker-10] INFO  o.e.m.c.i.embedder.EclipseLogger - skip non existing resourceDirectory /Users/Amanda/FinalYearProject/SensorProgram/src/main/resources
2017-01-18 21:16:55,975 [Worker-10] WARN  o.e.m.c.i.embedder.EclipseLogger - Using platform encoding (UTF-8 actually) to copy filtered resources, i.e. build is platform dependent!
2017-01-18 21:16:55,976 [Worker-10] INFO  o.e.m.c.i.embedder.EclipseLogger - skip non existing resourceDirectory /Users/Amanda/FinalYearProject/SensorProgram/src/test/resources
2017-01-18 21:18:05,145 [Worker-7] INFO  o.e.m.c.i.l.LifecycleMappingFactory - Using org.eclipse.m2e.jdt.JarLifecycleMapping lifecycle mapping for MavenProject: SensorProgram:SensorProgram:0.0.1-SNAPSHOT @ /Users/Amanda/FinalYearProject/SensorProgram/pom.xml.
2017-01-18 21:18:05,489 [Worker-2] INFO  o.e.m.c.i.e.AbstractTransferListenerAdapter - Downloading https://repo.eclipse.org/content/repositories/paho-releases/org/eclipse/paho/org.eclipse.paho.client.mqttv3/1.0.2/org.eclipse.paho.client.mqttv3-1.0.2.pom
2017-01-18 21:18:05,629 [Worker-2] INFO  o.e.m.c.i.e.AbstractTransferListenerAdapter - Downloaded https://repo.eclipse.org/content/repositories/paho-releases/org/eclipse/paho/org.eclipse.paho.client.mqttv3/1.0.2/org.eclipse.paho.client.mqttv3-1.0.2.pom
2017-01-18 21:18:05,767 [Worker-2] INFO  o.e.m.c.i.e.AbstractTransferListenerAdapter - Downloading https://repo.eclipse.org/content/repositories/paho-releases/org/eclipse/paho/java-parent/1.0.2/java-parent-1.0.2.pom
2017-01-18 21:18:05,838 [Worker-7] INFO  o.e.m.c.i.e.AbstractTransferListenerAdapter - Downloading https://repo.eclipse.org/content/repositories/paho-releases/org/eclipse/paho/org.eclipse.paho.client.mqttv3/1.0.2/org.eclipse.paho.client.mqttv3-1.0.2.pom
2017-01-18 21:18:05,905 [Worker-2] INFO  o.e.m.c.i.e.AbstractTransferListenerAdapter - Downloaded https://repo.eclipse.org/content/repositories/paho-releases/org/eclipse/paho/java-parent/1.0.2/java-parent-1.0.2.pom
2017-01-18 21:18:05,976 [Worker-7] INFO  o.e.m.c.i.e.AbstractTransferListenerAdapter - Downloaded https://repo.eclipse.org/content/repositories/paho-releases/org/eclipse/paho/org.eclipse.paho.client.mqttv3/1.0.2/org.eclipse.paho.client.mqttv3-1.0.2.pom
2017-01-18 21:18:06,042 [Worker-2] INFO  o.e.m.c.i.e.AbstractTransferListenerAdapter - Downloading https://repo.eclipse.org/content/repositories/paho-releases/org/eclipse/paho/org.eclipse.paho.client.mqttv3/1.0.2/org.eclipse.paho.client.mqttv3-1.0.2.jar
2017-01-18 21:18:06,114 [Worker-7] INFO  o.e.m.c.i.e.AbstractTransferListenerAdapter - Downloading https://repo.eclipse.org/content/repositories/paho-releases/org/eclipse/paho/org.eclipse.paho.client.mqttv3/1.0.2/org.eclipse.paho.client.mqttv3-1.0.2.jar
2017-01-18 21:18:06,818 [Worker-2] INFO  o.e.m.c.i.e.AbstractTransferListenerAdapter - Downloaded https://repo.eclipse.org/content/repositories/paho-releases/org/eclipse/paho/org.eclipse.paho.client.mqttv3/1.0.2/org.eclipse.paho.client.mqttv3-1.0.2.jar
2017-01-18 21:18:06,911 [Worker-7] INFO  o.e.m.c.i.e.AbstractTransferListenerAdapter - Downloaded https://repo.eclipse.org/content/repositories/paho-releases/org/eclipse/paho/org.eclipse.paho.client.mqttv3/1.0.2/org.eclipse.paho.client.mqttv3-1.0.2.jar
2017-01-18 21:18:07,040 [Worker-7] WARN  o.e.m.c.i.embedder.EclipseLogger - Using platform encoding (UTF-8 actually) to copy filtered resources, i.e. build is platform dependent!
2017-01-18 21:18:07,040 [Worker-7] INFO  o.e.m.c.i.embedder.EclipseLogger - skip non existing resourceDirectory /Users/Amanda/FinalYearProject/SensorProgram/src/main/resources
2017-01-18 21:18:07,042 [Worker-7] WARN  o.e.m.c.i.embedder.EclipseLogger - Using platform encoding (UTF-8 actually) to copy filtered resources, i.e. build is platform dependent!
2017-01-18 21:18:07,043 [Worker-7] INFO  o.e.m.c.i.embedder.EclipseLogger - skip non existing resourceDirectory /Users/Amanda/FinalYearProject/SensorProgram/src/test/resources
2017-01-18 21:18:07,531 [Worker-1] WARN  o.e.m.c.i.embedder.EclipseLogger - Using platform encoding (UTF-8 actually) to copy filtered resources, i.e. build is platform dependent!
2017-01-18 21:18:07,531 [Worker-1] INFO  o.e.m.c.i.embedder.EclipseLogger - skip non existing resourceDirectory /Users/Amanda/FinalYearProject/SensorProgram/src/main/resources
2017-01-18 21:18:07,533 [Worker-1] WARN  o.e.m.c.i.embedder.EclipseLogger - Using platform encoding (UTF-8 actually) to copy filtered resources, i.e. build is platform dependent!
2017-01-18 21:18:07,534 [Worker-1] INFO  o.e.m.c.i.embedder.EclipseLogger - skip non existing resourceDirectory /Users/Amanda/FinalYearProject/SensorProgram/src/test/resources
2017-01-18 21:18:29,081 [Worker-10] WARN  o.e.m.c.i.embedder.EclipseLogger - Using platform encoding (UTF-8 actually) to copy filtered resources, i.e. build is platform dependent!
2017-01-18 21:18:29,082 [Worker-10] INFO  o.e.m.c.i.embedder.EclipseLogger - skip non existing resourceDirectory /Users/Amanda/FinalYearProject/SensorProgram/src/main/resources
2017-01-18 21:18:29,083 [Worker-10] WARN  o.e.m.c.i.embedder.EclipseLogger - Using platform encoding (UTF-8 actually) to copy filtered resources, i.e. build is platform dependent!
2017-01-18 21:18:29,084 [Worker-10] INFO  o.e.m.c.i.embedder.EclipseLogger - skip non existing resourceDirectory /Users/Amanda/FinalYearProject/SensorProgram/src/test/resources
2017-01-19 13:25:15,243 [Worker-50] WARN  o.e.m.c.i.embedder.EclipseLogger - Using platform encoding (UTF-8 actually) to copy filtered resources, i.e. build is platform dependent!
2017-01-19 13:25:15,248 [Worker-50] INFO  o.e.m.c.i.embedder.EclipseLogger - skip non existing resourceDirectory /Users/Amanda/FinalYearProject/SensorProgram/src/main/resources
2017-01-19 13:25:15,252 [Worker-50] WARN  o.e.m.c.i.embedder.EclipseLogger - Using platform encoding (UTF-8 actually) to copy filtered resources, i.e. build is platform dependent!
2017-01-19 13:25:15,253 [Worker-50] INFO  o.e.m.c.i.embedder.EclipseLogger - skip non existing resourceDirectory /Users/Amanda/FinalYearProject/SensorProgram/src/test/resources
2017-01-19 13:26:31,124 [Worker-62] INFO  o.e.m.c.i.l.LifecycleMappingFactory - Using org.eclipse.m2e.jdt.JarLifecycleMapping lifecycle mapping for MavenProject: SensorProgram:SensorProgram:0.0.1-SNAPSHOT @ /Users/Amanda/FinalYearProject/SensorProgram/pom.xml.
2017-01-19 13:26:31,837 [Worker-62] INFO  o.e.m.c.i.e.AbstractTransferListenerAdapter - Downloaded https://repo.eclipse.org/content/repositories/paho-releases/com/google/code/gson/gson/2.5=6.2/gson-2.5=6.2.pom
2017-01-19 13:26:32,111 [Worker-62] INFO  o.e.m.c.i.e.AbstractTransferListenerAdapter - Downloaded https://repo.maven.apache.org/maven2/com/google/code/gson/gson/2.5=6.2/gson-2.5=6.2.pom
2017-01-19 13:26:32,112 [Worker-62] WARN  o.e.m.c.i.embedder.EclipseLogger - The POM for com.google.code.gson:gson:jar:2.5=6.2 is missing, no dependency information available
2017-01-19 13:26:32,601 [Worker-62] INFO  o.e.m.c.i.e.AbstractTransferListenerAdapter - Downloaded https://repo.eclipse.org/content/repositories/paho-releases/com/google/code/gson/gson/2.5=6.2/gson-2.5=6.2.jar
2017-01-19 13:26:32,690 [Worker-62] INFO  o.e.m.c.i.e.AbstractTransferListenerAdapter - Downloaded https://repo.maven.apache.org/maven2/com/google/code/gson/gson/2.5=6.2/gson-2.5=6.2.jar
2017-01-19 13:26:32,863 [Worker-62] WARN  o.e.m.c.i.embedder.EclipseLogger - Using platform encoding (UTF-8 actually) to copy filtered resources, i.e. build is platform dependent!
2017-01-19 13:26:32,864 [Worker-62] INFO  o.e.m.c.i.embedder.EclipseLogger - skip non existing resourceDirectory /Users/Amanda/FinalYearProject/SensorProgram/src/main/resources
2017-01-19 13:26:32,866 [Worker-62] WARN  o.e.m.c.i.embedder.EclipseLogger - Using platform encoding (UTF-8 actually) to copy filtered resources, i.e. build is platform dependent!
2017-01-19 13:26:32,867 [Worker-62] INFO  o.e.m.c.i.embedder.EclipseLogger - skip non existing resourceDirectory /Users/Amanda/FinalYearProject/SensorProgram/src/test/resources
2017-01-19 13:31:14,341 [Worker-63] INFO  o.e.m.c.i.l.LifecycleMappingFactory - Using org.eclipse.m2e.jdt.JarLifecycleMapping lifecycle mapping for MavenProject: SensorProgram:SensorProgram:0.0.1-SNAPSHOT @ /Users/Amanda/FinalYearProject/SensorProgram/pom.xml.
2017-01-19 13:31:14,421 [Worker-68] INFO  o.e.m.c.i.e.AbstractTransferListenerAdapter - Downloaded https://repo.eclipse.org/content/repositories/paho-releases/com/google/code/gson/gson/2.8.0/gson-2.8.0.pom
2017-01-19 13:31:14,582 [Worker-68] INFO  o.e.m.c.i.e.AbstractTransferListenerAdapter - Downloading https://repo.maven.apache.org/maven2/com/google/code/gson/gson/2.8.0/gson-2.8.0.pom
2017-01-19 13:31:14,601 [Worker-68] INFO  o.e.m.c.i.e.AbstractTransferListenerAdapter - Downloaded https://repo.maven.apache.org/maven2/com/google/code/gson/gson/2.8.0/gson-2.8.0.pom
2017-01-19 13:31:14,829 [Worker-63] INFO  o.e.m.c.i.e.AbstractTransferListenerAdapter - Downloaded https://repo.eclipse.org/content/repositories/paho-releases/com/google/code/gson/gson/2.8.0/gson-2.8.0.pom
2017-01-19 13:31:14,977 [Worker-63] INFO  o.e.m.c.i.e.AbstractTransferListenerAdapter - Downloading https://repo.maven.apache.org/maven2/com/google/code/gson/gson/2.8.0/gson-2.8.0.pom
2017-01-19 13:31:15,003 [Worker-63] INFO  o.e.m.c.i.e.AbstractTransferListenerAdapter - Downloaded https://repo.maven.apache.org/maven2/com/google/code/gson/gson/2.8.0/gson-2.8.0.pom
2017-01-19 13:31:15,098 [Worker-68] INFO  o.e.m.c.i.e.AbstractTransferListenerAdapter - Downloaded https://repo.eclipse.org/content/repositories/paho-releases/com/google/code/gson/gson-parent/2.8.0/gson-parent-2.8.0.pom
2017-01-19 13:31:15,114 [Worker-68] INFO  o.e.m.c.i.e.AbstractTransferListenerAdapter - Downloading https://repo.maven.apache.org/maven2/com/google/code/gson/gson-parent/2.8.0/gson-parent-2.8.0.pom
2017-01-19 13:31:15,159 [Worker-68] INFO  o.e.m.c.i.e.AbstractTransferListenerAdapter - Downloaded https://repo.maven.apache.org/maven2/com/google/code/gson/gson-parent/2.8.0/gson-parent-2.8.0.pom
2017-01-19 13:31:15,486 [Worker-63] INFO  o.e.m.c.i.e.AbstractTransferListenerAdapter - Downloaded https://repo.eclipse.org/content/repositories/paho-releases/com/google/code/gson/gson-parent/2.8.0/gson-parent-2.8.0.pom
2017-01-19 13:31:15,504 [Worker-63] INFO  o.e.m.c.i.e.AbstractTransferListenerAdapter - Downloading https://repo.maven.apache.org/maven2/com/google/code/gson/gson-parent/2.8.0/gson-parent-2.8.0.pom
2017-01-19 13:31:15,518 [Worker-63] INFO  o.e.m.c.i.e.AbstractTransferListenerAdapter - Downloaded https://repo.maven.apache.org/maven2/com/google/code/gson/gson-parent/2.8.0/gson-parent-2.8.0.pom
2017-01-19 13:31:15,711 [Worker-68] INFO  o.e.m.c.i.e.AbstractTransferListenerAdapter - Downloaded https://repo.eclipse.org/content/repositories/paho-releases/com/google/code/gson/gson/2.8.0/gson-2.8.0.jar
2017-01-19 13:31:15,727 [Worker-68] INFO  o.e.m.c.i.e.AbstractTransferListenerAdapter - Downloading https://repo.maven.apache.org/maven2/com/google/code/gson/gson/2.8.0/gson-2.8.0.jar
2017-01-19 13:31:15,795 [Worker-68] INFO  o.e.m.c.i.e.AbstractTransferListenerAdapter - Downloaded https://repo.maven.apache.org/maven2/com/google/code/gson/gson/2.8.0/gson-2.8.0.jar
2017-01-19 13:31:15,991 [Worker-63] INFO  o.e.m.c.i.e.AbstractTransferListenerAdapter - Downloaded https://repo.eclipse.org/content/repositories/paho-releases/com/google/code/gson/gson/2.8.0/gson-2.8.0.jar
2017-01-19 13:31:16,008 [Worker-63] INFO  o.e.m.c.i.e.AbstractTransferListenerAdapter - Downloading https://repo.maven.apache.org/maven2/com/google/code/gson/gson/2.8.0/gson-2.8.0.jar
2017-01-19 13:31:16,117 [Worker-63] INFO  o.e.m.c.i.e.AbstractTransferListenerAdapter - Downloaded https://repo.maven.apache.org/maven2/com/google/code/gson/gson/2.8.0/gson-2.8.0.jar
2017-01-19 13:31:16,268 [Worker-63] WARN  o.e.m.c.i.embedder.EclipseLogger - Using platform encoding (UTF-8 actually) to copy filtered resources, i.e. build is platform dependent!
2017-01-19 13:31:16,269 [Worker-63] INFO  o.e.m.c.i.embedder.EclipseLogger - skip non existing resourceDirectory /Users/Amanda/FinalYearProject/SensorProgram/src/main/resources
2017-01-19 13:31:16,271 [Worker-63] WARN  o.e.m.c.i.embedder.EclipseLogger - Using platform encoding (UTF-8 actually) to copy filtered resources, i.e. build is platform dependent!
2017-01-19 13:31:16,271 [Worker-63] INFO  o.e.m.c.i.embedder.EclipseLogger - skip non existing resourceDirectory /Users/Amanda/FinalYearProject/SensorProgram/src/test/resources
2017-01-19 13:31:16,645 [Worker-66] WARN  o.e.m.c.i.embedder.EclipseLogger - Using platform encoding (UTF-8 actually) to copy filtered resources, i.e. build is platform dependent!
2017-01-19 13:31:16,646 [Worker-66] INFO  o.e.m.c.i.embedder.EclipseLogger - skip non existing resourceDirectory /Users/Amanda/FinalYearProject/SensorProgram/src/main/resources
2017-01-19 13:31:16,647 [Worker-66] WARN  o.e.m.c.i.embedder.EclipseLogger - Using platform encoding (UTF-8 actually) to copy filtered resources, i.e. build is platform dependent!
2017-01-19 13:31:16,648 [Worker-66] INFO  o.e.m.c.i.embedder.EclipseLogger - skip non existing resourceDirectory /Users/Amanda/FinalYearProject/SensorProgram/src/test/resources
2017-01-19 13:33:37,376 [Worker-67] WARN  o.e.m.c.i.embedder.EclipseLogger - Using platform encoding (UTF-8 actually) to copy filtered resources, i.e. build is platform dependent!
2017-01-19 13:33:37,377 [Worker-67] INFO  o.e.m.c.i.embedder.EclipseLogger - skip non existing resourceDirectory /Users/Amanda/FinalYearProject/SensorProgram/src/main/resources
2017-01-19 13:33:37,378 [Worker-67] WARN  o.e.m.c.i.embedder.EclipseLogger - Using platform encoding (UTF-8 actually) to copy filtered resources, i.e. build is platform dependent!
2017-01-19 13:33:37,379 [Worker-67] INFO  o.e.m.c.i.embedder.EclipseLogger - skip non existing resourceDirectory /Users/Amanda/FinalYearProject/SensorProgram/src/test/resources
2017-01-19 13:33:59,678 [Worker-68] WARN  o.e.m.c.i.embedder.EclipseLogger - Using platform encoding (UTF-8 actually) to copy filtered resources, i.e. build is platform dependent!
2017-01-19 13:33:59,679 [Worker-68] INFO  o.e.m.c.i.embedder.EclipseLogger - skip non existing resourceDirectory /Users/Amanda/FinalYearProject/SensorProgram/src/main/resources
2017-01-19 13:33:59,681 [Worker-68] WARN  o.e.m.c.i.embedder.EclipseLogger - Using platform encoding (UTF-8 actually) to copy filtered resources, i.e. build is platform dependent!
2017-01-19 13:33:59,681 [Worker-68] INFO  o.e.m.c.i.embedder.EclipseLogger - skip non existing resourceDirectory /Users/Amanda/FinalYearProject/SensorProgram/src/test/resources
2017-01-19 13:34:56,973 [Worker-68] WARN  o.e.m.c.i.embedder.EclipseLogger - Using platform encoding (UTF-8 actually) to copy filtered resources, i.e. build is platform dependent!
2017-01-19 13:34:56,973 [Worker-68] INFO  o.e.m.c.i.embedder.EclipseLogger - skip non existing resourceDirectory /Users/Amanda/FinalYearProject/SensorProgram/src/main/resources
2017-01-19 13:34:56,974 [Worker-68] WARN  o.e.m.c.i.embedder.EclipseLogger - Using platform encoding (UTF-8 actually) to copy filtered resources, i.e. build is platform dependent!
2017-01-19 13:34:56,975 [Worker-68] INFO  o.e.m.c.i.embedder.EclipseLogger - skip non existing resourceDirectory /Users/Amanda/FinalYearProject/SensorProgram/src/test/resources
2017-01-19 13:43:22,573 [Worker-63] WARN  o.e.m.c.i.embedder.EclipseLogger - Using platform encoding (UTF-8 actually) to copy filtered resources, i.e. build is platform dependent!
2017-01-19 13:43:22,575 [Worker-63] INFO  o.e.m.c.i.embedder.EclipseLogger - skip non existing resourceDirectory /Users/Amanda/FinalYearProject/SensorProgram/src/main/resources
2017-01-19 13:43:22,577 [Worker-63] WARN  o.e.m.c.i.embedder.EclipseLogger - Using platform encoding (UTF-8 actually) to copy filtered resources, i.e. build is platform dependent!
2017-01-19 13:43:22,578 [Worker-63] INFO  o.e.m.c.i.embedder.EclipseLogger - skip non existing resourceDirectory /Users/Amanda/FinalYearProject/SensorProgram/src/test/resources
2017-01-19 13:44:53,585 [Worker-71] WARN  o.e.m.c.i.embedder.EclipseLogger - Using platform encoding (UTF-8 actually) to copy filtered resources, i.e. build is platform dependent!
2017-01-19 13:44:53,586 [Worker-71] INFO  o.e.m.c.i.embedder.EclipseLogger - skip non existing resourceDirectory /Users/Amanda/FinalYearProject/SensorProgram/src/main/resources
2017-01-19 13:44:53,587 [Worker-71] WARN  o.e.m.c.i.embedder.EclipseLogger - Using platform encoding (UTF-8 actually) to copy filtered resources, i.e. build is platform dependent!
2017-01-19 13:44:53,588 [Worker-71] INFO  o.e.m.c.i.embedder.EclipseLogger - skip non existing resourceDirectory /Users/Amanda/FinalYearProject/SensorProgram/src/test/resources
2017-01-19 14:34:22,294 [Worker-91] WARN  o.e.m.c.i.embedder.EclipseLogger - Using platform encoding (UTF-8 actually) to copy filtered resources, i.e. build is platform dependent!
2017-01-19 14:34:22,295 [Worker-91] INFO  o.e.m.c.i.embedder.EclipseLogger - skip non existing resourceDirectory /Users/Amanda/FinalYearProject/SensorProgram/src/main/resources
2017-01-19 14:34:22,296 [Worker-91] WARN  o.e.m.c.i.embedder.EclipseLogger - Using platform encoding (UTF-8 actually) to copy filtered resources, i.e. build is platform dependent!
2017-01-19 14:34:22,296 [Worker-91] INFO  o.e.m.c.i.embedder.EclipseLogger - skip non existing resourceDirectory /Users/Amanda/FinalYearProject/SensorProgram/src/test/resources
2017-01-19 19:21:25,806 [Worker-154] INFO  o.e.m.c.i.l.LifecycleMappingFactory - Using org.eclipse.m2e.jdt.JarLifecycleMapping lifecycle mapping for MavenProject: SensorProgram:SensorProgram:0.0.1-SNAPSHOT @ /Users/Amanda/FinalYearProject/SensorProgram/pom.xml.
2017-01-19 19:21:26,146 [Worker-154] WARN  o.e.m.c.i.embedder.EclipseLogger - Using platform encoding (UTF-8 actually) to copy filtered resources, i.e. build is platform dependent!
2017-01-19 19:21:26,147 [Worker-154] INFO  o.e.m.c.i.embedder.EclipseLogger - skip non existing resourceDirectory /Users/Amanda/FinalYearProject/SensorProgram/src/main/resources
2017-01-19 19:21:26,148 [Worker-154] WARN  o.e.m.c.i.embedder.EclipseLogger - Using platform encoding (UTF-8 actually) to copy filtered resources, i.e. build is platform dependent!
2017-01-19 19:21:26,149 [Worker-154] INFO  o.e.m.c.i.embedder.EclipseLogger - skip non existing resourceDirectory /Users/Amanda/FinalYearProject/SensorProgram/src/test/resources
2017-01-21 14:01:15,671 [Worker-321] WARN  o.e.m.c.i.embedder.EclipseLogger - Using platform encoding (UTF-8 actually) to copy filtered resources, i.e. build is platform dependent!
2017-01-21 14:01:15,681 [Worker-321] INFO  o.e.m.c.i.embedder.EclipseLogger - skip non existing resourceDirectory /Users/Amanda/FinalYearProject/SensorProgram/src/main/resources
2017-01-21 14:01:15,683 [Worker-321] WARN  o.e.m.c.i.embedder.EclipseLogger - Using platform encoding (UTF-8 actually) to copy filtered resources, i.e. build is platform dependent!
2017-01-21 14:01:15,684 [Worker-321] INFO  o.e.m.c.i.embedder.EclipseLogger - skip non existing resourceDirectory /Users/Amanda/FinalYearProject/SensorProgram/src/test/resources
2017-01-21 14:01:43,751 [Worker-332] WARN  o.e.m.c.i.embedder.EclipseLogger - Using platform encoding (UTF-8 actually) to copy filtered resources, i.e. build is platform dependent!
2017-01-21 14:01:43,760 [Worker-332] INFO  o.e.m.c.i.embedder.EclipseLogger - skip non existing resourceDirectory /Users/Amanda/FinalYearProject/SensorProgram/src/main/resources
2017-01-21 14:01:43,762 [Worker-332] WARN  o.e.m.c.i.embedder.EclipseLogger - Using platform encoding (UTF-8 actually) to copy filtered resources, i.e. build is platform dependent!
2017-01-21 14:01:43,763 [Worker-332] INFO  o.e.m.c.i.embedder.EclipseLogger - skip non existing resourceDirectory /Users/Amanda/FinalYearProject/SensorProgram/src/test/resources
2017-01-21 14:28:45,183 [Worker-337] WARN  o.e.m.c.i.embedder.EclipseLogger - Using platform encoding (UTF-8 actually) to copy filtered resources, i.e. build is platform dependent!
2017-01-21 14:28:45,184 [Worker-337] INFO  o.e.m.c.i.embedder.EclipseLogger - skip non existing resourceDirectory /Users/Amanda/FinalYearProject/SensorProgram/src/main/resources
2017-01-21 14:28:45,186 [Worker-337] WARN  o.e.m.c.i.embedder.EclipseLogger - Using platform encoding (UTF-8 actually) to copy filtered resources, i.e. build is platform dependent!
2017-01-21 14:28:45,186 [Worker-337] INFO  o.e.m.c.i.embedder.EclipseLogger - skip non existing resourceDirectory /Users/Amanda/FinalYearProject/SensorProgram/src/test/resources
2017-01-21 14:30:34,553 [Worker-347] WARN  o.e.m.c.i.embedder.EclipseLogger - Using platform encoding (UTF-8 actually) to copy filtered resources, i.e. build is platform dependent!
2017-01-21 14:30:34,554 [Worker-347] INFO  o.e.m.c.i.embedder.EclipseLogger - skip non existing resourceDirectory /Users/Amanda/FinalYearProject/SensorProgram/src/main/resources
2017-01-21 14:30:34,555 [Worker-347] WARN  o.e.m.c.i.embedder.EclipseLogger - Using platform encoding (UTF-8 actually) to copy filtered resources, i.e. build is platform dependent!
2017-01-21 14:30:34,556 [Worker-347] INFO  o.e.m.c.i.embedder.EclipseLogger - skip non existing resourceDirectory /Users/Amanda/FinalYearProject/SensorProgram/src/test/resources
2017-01-21 14:34:28,718 [Worker-344] WARN  o.e.m.c.i.embedder.EclipseLogger - Using platform encoding (UTF-8 actually) to copy filtered resources, i.e. build is platform dependent!
2017-01-21 14:34:28,718 [Worker-344] INFO  o.e.m.c.i.embedder.EclipseLogger - skip non existing resourceDirectory /Users/Amanda/FinalYearProject/SensorProgram/src/main/resources
2017-01-21 14:34:28,720 [Worker-344] WARN  o.e.m.c.i.embedder.EclipseLogger - Using platform encoding (UTF-8 actually) to copy filtered resources, i.e. build is platform dependent!
2017-01-21 14:34:28,722 [Worker-344] INFO  o.e.m.c.i.embedder.EclipseLogger - skip non existing resourceDirectory /Users/Amanda/FinalYearProject/SensorProgram/src/test/resources
2017-01-21 14:34:34,681 [Worker-344] WARN  o.e.m.c.i.embedder.EclipseLogger - Using platform encoding (UTF-8 actually) to copy filtered resources, i.e. build is platform dependent!
2017-01-21 14:34:34,682 [Worker-344] INFO  o.e.m.c.i.embedder.EclipseLogger - skip non existing resourceDirectory /Users/Amanda/FinalYearProject/SensorProgram/src/main/resources
2017-01-21 14:34:34,684 [Worker-344] WARN  o.e.m.c.i.embedder.EclipseLogger - Using platform encoding (UTF-8 actually) to copy filtered resources, i.e. build is platform dependent!
2017-01-21 14:34:34,687 [Worker-344] INFO  o.e.m.c.i.embedder.EclipseLogger - skip non existing resourceDirectory /Users/Amanda/FinalYearProject/SensorProgram/src/test/resources
2017-01-21 14:36:47,534 [Worker-342] WARN  o.e.m.c.i.embedder.EclipseLogger - Using platform encoding (UTF-8 actually) to copy filtered resources, i.e. build is platform dependent!
2017-01-21 14:36:47,535 [Worker-342] INFO  o.e.m.c.i.embedder.EclipseLogger - skip non existing resourceDirectory /Users/Amanda/FinalYearProject/SensorProgram/src/main/resources
2017-01-21 14:36:47,537 [Worker-342] WARN  o.e.m.c.i.embedder.EclipseLogger - Using platform encoding (UTF-8 actually) to copy filtered resources, i.e. build is platform dependent!
2017-01-21 14:36:47,538 [Worker-342] INFO  o.e.m.c.i.embedder.EclipseLogger - skip non existing resourceDirectory /Users/Amanda/FinalYearProject/SensorProgram/src/test/resources
2017-01-21 14:37:19,525 [Worker-345] WARN  o.e.m.c.i.embedder.EclipseLogger - Using platform encoding (UTF-8 actually) to copy filtered resources, i.e. build is platform dependent!
2017-01-21 14:37:19,532 [Worker-345] INFO  o.e.m.c.i.embedder.EclipseLogger - skip non existing resourceDirectory /Users/Amanda/FinalYearProject/SensorProgram/src/main/resources
2017-01-21 14:37:19,533 [Worker-345] WARN  o.e.m.c.i.embedder.EclipseLogger - Using platform encoding (UTF-8 actually) to copy filtered resources, i.e. build is platform dependent!
2017-01-21 14:37:19,534 [Worker-345] INFO  o.e.m.c.i.embedder.EclipseLogger - skip non existing resourceDirectory /Users/Amanda/FinalYearProject/SensorProgram/src/test/resources
2017-01-21 14:37:24,064 [Worker-346] WARN  o.e.m.c.i.embedder.EclipseLogger - Using platform encoding (UTF-8 actually) to copy filtered resources, i.e. build is platform dependent!
2017-01-21 14:37:24,065 [Worker-346] INFO  o.e.m.c.i.embedder.EclipseLogger - skip non existing resourceDirectory /Users/Amanda/FinalYearProject/SensorProgram/src/main/resources
2017-01-21 14:37:24,067 [Worker-346] WARN  o.e.m.c.i.embedder.EclipseLogger - Using platform encoding (UTF-8 actually) to copy filtered resources, i.e. build is platform dependent!
2017-01-21 14:37:24,067 [Worker-346] INFO  o.e.m.c.i.embedder.EclipseLogger - skip non existing resourceDirectory /Users/Amanda/FinalYearProject/SensorProgram/src/test/resources
2017-01-21 14:40:59,052 [Worker-347] WARN  o.e.m.c.i.embedder.EclipseLogger - Using platform encoding (UTF-8 actually) to copy filtered resources, i.e. build is platform dependent!
2017-01-21 14:40:59,053 [Worker-347] INFO  o.e.m.c.i.embedder.EclipseLogger - skip non existing resourceDirectory /Users/Amanda/FinalYearProject/SensorProgram/src/main/resources
2017-01-21 14:40:59,058 [Worker-347] WARN  o.e.m.c.i.embedder.EclipseLogger - Using platform encoding (UTF-8 actually) to copy filtered resources, i.e. build is platform dependent!
2017-01-21 14:40:59,059 [Worker-347] INFO  o.e.m.c.i.embedder.EclipseLogger - skip non existing resourceDirectory /Users/Amanda/FinalYearProject/SensorProgram/src/test/resources
2017-01-21 14:43:36,674 [Worker-337] WARN  o.e.m.c.i.embedder.EclipseLogger - Using platform encoding (UTF-8 actually) to copy filtered resources, i.e. build is platform dependent!
2017-01-21 14:43:36,675 [Worker-337] INFO  o.e.m.c.i.embedder.EclipseLogger - skip non existing resourceDirectory /Users/Amanda/FinalYearProject/SensorProgram/src/main/resources
2017-01-21 14:43:36,677 [Worker-337] WARN  o.e.m.c.i.embedder.EclipseLogger - Using platform encoding (UTF-8 actually) to copy filtered resources, i.e. build is platform dependent!
2017-01-21 14:43:36,678 [Worker-337] INFO  o.e.m.c.i.embedder.EclipseLogger - skip non existing resourceDirectory /Users/Amanda/FinalYearProject/SensorProgram/src/test/resources
2017-01-21 14:45:26,831 [Worker-348] WARN  o.e.m.c.i.embedder.EclipseLogger - Using platform encoding (UTF-8 actually) to copy filtered resources, i.e. build is platform dependent!
2017-01-21 14:45:26,832 [Worker-348] INFO  o.e.m.c.i.embedder.EclipseLogger - skip non existing resourceDirectory /Users/Amanda/FinalYearProject/SensorProgram/src/main/resources
2017-01-21 14:45:26,833 [Worker-348] WARN  o.e.m.c.i.embedder.EclipseLogger - Using platform encoding (UTF-8 actually) to copy filtered resources, i.e. build is platform dependent!
2017-01-21 14:45:26,834 [Worker-348] INFO  o.e.m.c.i.embedder.EclipseLogger - skip non existing resourceDirectory /Users/Amanda/FinalYearProject/SensorProgram/src/test/resources
2017-01-21 14:46:17,551 [Worker-348] WARN  o.e.m.c.i.embedder.EclipseLogger - Using platform encoding (UTF-8 actually) to copy filtered resources, i.e. build is platform dependent!
2017-01-21 14:46:17,552 [Worker-348] INFO  o.e.m.c.i.embedder.EclipseLogger - skip non existing resourceDirectory /Users/Amanda/FinalYearProject/SensorProgram/src/main/resources
2017-01-21 14:46:17,554 [Worker-348] WARN  o.e.m.c.i.embedder.EclipseLogger - Using platform encoding (UTF-8 actually) to copy filtered resources, i.e. build is platform dependent!
2017-01-21 14:46:17,554 [Worker-348] INFO  o.e.m.c.i.embedder.EclipseLogger - skip non existing resourceDirectory /Users/Amanda/FinalYearProject/SensorProgram/src/test/resources
2017-01-21 15:04:49,247 [Worker-344] WARN  o.e.m.c.i.embedder.EclipseLogger - Using platform encoding (UTF-8 actually) to copy filtered resources, i.e. build is platform dependent!
2017-01-21 15:04:49,250 [Worker-344] INFO  o.e.m.c.i.embedder.EclipseLogger - skip non existing resourceDirectory /Users/Amanda/FinalYearProject/SensorProgram/src/main/resources
2017-01-21 15:04:49,252 [Worker-344] WARN  o.e.m.c.i.embedder.EclipseLogger - Using platform encoding (UTF-8 actually) to copy filtered resources, i.e. build is platform dependent!
2017-01-21 15:04:49,253 [Worker-344] INFO  o.e.m.c.i.embedder.EclipseLogger - skip non existing resourceDirectory /Users/Amanda/FinalYearProject/SensorProgram/src/test/resources
2017-01-21 15:16:38,405 [Worker-360] WARN  o.e.m.c.i.embedder.EclipseLogger - Using platform encoding (UTF-8 actually) to copy filtered resources, i.e. build is platform dependent!
2017-01-21 15:16:38,408 [Worker-360] INFO  o.e.m.c.i.embedder.EclipseLogger - skip non existing resourceDirectory /Users/Amanda/FinalYearProject/SensorProgram/src/main/resources
2017-01-21 15:16:38,409 [Worker-360] WARN  o.e.m.c.i.embedder.EclipseLogger - Using platform encoding (UTF-8 actually) to copy filtered resources, i.e. build is platform dependent!
2017-01-21 15:16:38,411 [Worker-360] INFO  o.e.m.c.i.embedder.EclipseLogger - skip non existing resourceDirectory /Users/Amanda/FinalYearProject/SensorProgram/src/test/resources
2017-01-21 15:17:48,732 [Worker-360] WARN  o.e.m.c.i.embedder.EclipseLogger - Using platform encoding (UTF-8 actually) to copy filtered resources, i.e. build is platform dependent!
2017-01-21 15:17:48,734 [Worker-360] INFO  o.e.m.c.i.embedder.EclipseLogger - skip non existing resourceDirectory /Users/Amanda/FinalYearProject/SensorProgram/src/main/resources
2017-01-21 15:17:48,736 [Worker-360] WARN  o.e.m.c.i.embedder.EclipseLogger - Using platform encoding (UTF-8 actually) to copy filtered resources, i.e. build is platform dependent!
2017-01-21 15:17:48,736 [Worker-360] INFO  o.e.m.c.i.embedder.EclipseLogger - skip non existing resourceDirectory /Users/Amanda/FinalYearProject/SensorProgram/src/test/resources
2017-01-21 15:19:39,291 [Worker-344] WARN  o.e.m.c.i.embedder.EclipseLogger - Using platform encoding (UTF-8 actually) to copy filtered resources, i.e. build is platform dependent!
2017-01-21 15:19:39,291 [Worker-344] INFO  o.e.m.c.i.embedder.EclipseLogger - skip non existing resourceDirectory /Users/Amanda/FinalYearProject/SensorProgram/src/main/resources
2017-01-21 15:19:39,292 [Worker-344] WARN  o.e.m.c.i.embedder.EclipseLogger - Using platform encoding (UTF-8 actually) to copy filtered resources, i.e. build is platform dependent!
2017-01-21 15:19:39,293 [Worker-344] INFO  o.e.m.c.i.embedder.EclipseLogger - skip non existing resourceDirectory /Users/Amanda/FinalYearProject/SensorProgram/src/test/resources
2017-01-21 15:20:39,998 [Worker-360] WARN  o.e.m.c.i.embedder.EclipseLogger - Using platform encoding (UTF-8 actually) to copy filtered resources, i.e. build is platform dependent!
2017-01-21 15:20:39,998 [Worker-360] INFO  o.e.m.c.i.embedder.EclipseLogger - skip non existing resourceDirectory /Users/Amanda/FinalYearProject/SensorProgram/src/main/resources
2017-01-21 15:20:40,001 [Worker-360] WARN  o.e.m.c.i.embedder.EclipseLogger - Using platform encoding (UTF-8 actually) to copy filtered resources, i.e. build is platform dependent!
2017-01-21 15:20:40,002 [Worker-360] INFO  o.e.m.c.i.embedder.EclipseLogger - skip non existing resourceDirectory /Users/Amanda/FinalYearProject/SensorProgram/src/test/resources
2017-01-21 15:32:29,331 [Worker-362] WARN  o.e.m.c.i.embedder.EclipseLogger - Using platform encoding (UTF-8 actually) to copy filtered resources, i.e. build is platform dependent!
2017-01-21 15:32:29,332 [Worker-362] INFO  o.e.m.c.i.embedder.EclipseLogger - skip non existing resourceDirectory /Users/Amanda/FinalYearProject/SensorProgram/src/main/resources
2017-01-21 15:32:29,333 [Worker-362] WARN  o.e.m.c.i.embedder.EclipseLogger - Using platform encoding (UTF-8 actually) to copy filtered resources, i.e. build is platform dependent!
2017-01-21 15:32:29,334 [Worker-362] INFO  o.e.m.c.i.embedder.EclipseLogger - skip non existing resourceDirectory /Users/Amanda/FinalYearProject/SensorProgram/src/test/resources
2017-01-21 15:33:01,767 [Worker-366] WARN  o.e.m.c.i.embedder.EclipseLogger - Using platform encoding (UTF-8 actually) to copy filtered resources, i.e. build is platform dependent!
2017-01-21 15:33:01,768 [Worker-366] INFO  o.e.m.c.i.embedder.EclipseLogger - skip non existing resourceDirectory /Users/Amanda/FinalYearProject/SensorProgram/src/main/resources
2017-01-21 15:33:01,770 [Worker-366] WARN  o.e.m.c.i.embedder.EclipseLogger - Using platform encoding (UTF-8 actually) to copy filtered resources, i.e. build is platform dependent!
2017-01-21 15:33:01,771 [Worker-366] INFO  o.e.m.c.i.embedder.EclipseLogger - skip non existing resourceDirectory /Users/Amanda/FinalYearProject/SensorProgram/src/test/resources
2017-01-21 15:33:24,629 [Worker-364] WARN  o.e.m.c.i.embedder.EclipseLogger - Using platform encoding (UTF-8 actually) to copy filtered resources, i.e. build is platform dependent!
2017-01-21 15:33:24,629 [Worker-364] INFO  o.e.m.c.i.embedder.EclipseLogger - skip non existing resourceDirectory /Users/Amanda/FinalYearProject/SensorProgram/src/main/resources
2017-01-21 15:33:24,630 [Worker-364] WARN  o.e.m.c.i.embedder.EclipseLogger - Using platform encoding (UTF-8 actually) to copy filtered resources, i.e. build is platform dependent!
2017-01-21 15:33:24,631 [Worker-364] INFO  o.e.m.c.i.embedder.EclipseLogger - skip non existing resourceDirectory /Users/Amanda/FinalYearProject/SensorProgram/src/test/resources
2017-01-21 15:34:23,731 [Worker-362] WARN  o.e.m.c.i.embedder.EclipseLogger - Using platform encoding (UTF-8 actually) to copy filtered resources, i.e. build is platform dependent!
2017-01-21 15:34:23,731 [Worker-362] INFO  o.e.m.c.i.embedder.EclipseLogger - skip non existing resourceDirectory /Users/Amanda/FinalYearProject/SensorProgram/src/main/resources
2017-01-21 15:34:23,732 [Worker-362] WARN  o.e.m.c.i.embedder.EclipseLogger - Using platform encoding (UTF-8 actually) to copy filtered resources, i.e. build is platform dependent!
2017-01-21 15:34:23,733 [Worker-362] INFO  o.e.m.c.i.embedder.EclipseLogger - skip non existing resourceDirectory /Users/Amanda/FinalYearProject/SensorProgram/src/test/resources
2017-01-21 15:44:43,340 [Worker-365] WARN  o.e.m.c.i.embedder.EclipseLogger - Using platform encoding (UTF-8 actually) to copy filtered resources, i.e. build is platform dependent!
2017-01-21 15:44:43,341 [Worker-365] INFO  o.e.m.c.i.embedder.EclipseLogger - skip non existing resourceDirectory /Users/Amanda/FinalYearProject/SensorProgram/src/main/resources
2017-01-21 15:44:43,342 [Worker-365] WARN  o.e.m.c.i.embedder.EclipseLogger - Using platform encoding (UTF-8 actually) to copy filtered resources, i.e. build is platform dependent!
2017-01-21 15:44:43,343 [Worker-365] INFO  o.e.m.c.i.embedder.EclipseLogger - skip non existing resourceDirectory /Users/Amanda/FinalYearProject/SensorProgram/src/test/resources
2017-01-21 15:50:32,250 [Worker-371] WARN  o.e.m.c.i.embedder.EclipseLogger - Using platform encoding (UTF-8 actually) to copy filtered resources, i.e. build is platform dependent!
2017-01-21 15:50:32,251 [Worker-371] INFO  o.e.m.c.i.embedder.EclipseLogger - skip non existing resourceDirectory /Users/Amanda/FinalYearProject/SensorProgram/src/main/resources
2017-01-21 15:50:32,252 [Worker-371] WARN  o.e.m.c.i.embedder.EclipseLogger - Using platform encoding (UTF-8 actually) to copy filtered resources, i.e. build is platform dependent!
2017-01-21 15:50:32,253 [Worker-371] INFO  o.e.m.c.i.embedder.EclipseLogger - skip non existing resourceDirectory /Users/Amanda/FinalYearProject/SensorProgram/src/test/resources
2017-01-21 15:51:22,267 [Worker-370] WARN  o.e.m.c.i.embedder.EclipseLogger - Using platform encoding (UTF-8 actually) to copy filtered resources, i.e. build is platform dependent!
2017-01-21 15:51:22,268 [Worker-370] INFO  o.e.m.c.i.embedder.EclipseLogger - skip non existing resourceDirectory /Users/Amanda/FinalYearProject/SensorProgram/src/main/resources
2017-01-21 15:51:22,268 [Worker-370] WARN  o.e.m.c.i.embedder.EclipseLogger - Using platform encoding (UTF-8 actually) to copy filtered resources, i.e. build is platform dependent!
2017-01-21 15:51:22,269 [Worker-370] INFO  o.e.m.c.i.embedder.EclipseLogger - skip non existing resourceDirectory /Users/Amanda/FinalYearProject/SensorProgram/src/test/resources
2017-01-21 15:53:53,736 [Worker-372] WARN  o.e.m.c.i.embedder.EclipseLogger - Using platform encoding (UTF-8 actually) to copy filtered resources, i.e. build is platform dependent!
2017-01-21 15:53:53,737 [Worker-372] INFO  o.e.m.c.i.embedder.EclipseLogger - skip non existing resourceDirectory /Users/Amanda/FinalYearProject/SensorProgram/src/main/resources
2017-01-21 15:53:53,739 [Worker-372] WARN  o.e.m.c.i.embedder.EclipseLogger - Using platform encoding (UTF-8 actually) to copy filtered resources, i.e. build is platform dependent!
2017-01-21 15:53:53,739 [Worker-372] INFO  o.e.m.c.i.embedder.EclipseLogger - skip non existing resourceDirectory /Users/Amanda/FinalYearProject/SensorProgram/src/test/resources
2017-01-21 15:54:35,691 [Worker-372] WARN  o.e.m.c.i.embedder.EclipseLogger - Using platform encoding (UTF-8 actually) to copy filtered resources, i.e. build is platform dependent!
2017-01-21 15:54:35,692 [Worker-372] INFO  o.e.m.c.i.embedder.EclipseLogger - skip non existing resourceDirectory /Users/Amanda/FinalYearProject/SensorProgram/src/main/resources
2017-01-21 15:54:35,693 [Worker-372] WARN  o.e.m.c.i.embedder.EclipseLogger - Using platform encoding (UTF-8 actually) to copy filtered resources, i.e. build is platform dependent!
2017-01-21 15:54:35,694 [Worker-372] INFO  o.e.m.c.i.embedder.EclipseLogger - skip non existing resourceDirectory /Users/Amanda/FinalYearProject/SensorProgram/src/test/resources
2017-01-21 15:55:00,857 [Worker-365] WARN  o.e.m.c.i.embedder.EclipseLogger - Using platform encoding (UTF-8 actually) to copy filtered resources, i.e. build is platform dependent!
2017-01-21 15:55:00,858 [Worker-365] INFO  o.e.m.c.i.embedder.EclipseLogger - skip non existing resourceDirectory /Users/Amanda/FinalYearProject/SensorProgram/src/main/resources
2017-01-21 15:55:00,859 [Worker-365] WARN  o.e.m.c.i.embedder.EclipseLogger - Using platform encoding (UTF-8 actually) to copy filtered resources, i.e. build is platform dependent!
2017-01-21 15:55:00,860 [Worker-365] INFO  o.e.m.c.i.embedder.EclipseLogger - skip non existing resourceDirectory /Users/Amanda/FinalYearProject/SensorProgram/src/test/resources
2017-01-21 15:57:29,706 [Worker-368] WARN  o.e.m.c.i.embedder.EclipseLogger - Using platform encoding (UTF-8 actually) to copy filtered resources, i.e. build is platform dependent!
2017-01-21 15:57:29,707 [Worker-368] INFO  o.e.m.c.i.embedder.EclipseLogger - skip non existing resourceDirectory /Users/Amanda/FinalYearProject/SensorProgram/src/main/resources
2017-01-21 15:57:29,708 [Worker-368] WARN  o.e.m.c.i.embedder.EclipseLogger - Using platform encoding (UTF-8 actually) to copy filtered resources, i.e. build is platform dependent!
2017-01-21 15:57:29,708 [Worker-368] INFO  o.e.m.c.i.embedder.EclipseLogger - skip non existing resourceDirectory /Users/Amanda/FinalYearProject/SensorProgram/src/test/resources
2017-01-21 15:59:22,796 [Worker-367] WARN  o.e.m.c.i.embedder.EclipseLogger - Using platform encoding (UTF-8 actually) to copy filtered resources, i.e. build is platform dependent!
2017-01-21 15:59:22,797 [Worker-367] INFO  o.e.m.c.i.embedder.EclipseLogger - skip non existing resourceDirectory /Users/Amanda/FinalYearProject/SensorProgram/src/main/resources
2017-01-21 15:59:22,799 [Worker-367] WARN  o.e.m.c.i.embedder.EclipseLogger - Using platform encoding (UTF-8 actually) to copy filtered resources, i.e. build is platform dependent!
2017-01-21 15:59:22,799 [Worker-367] INFO  o.e.m.c.i.embedder.EclipseLogger - skip non existing resourceDirectory /Users/Amanda/FinalYearProject/SensorProgram/src/test/resources
2017-01-21 16:09:45,600 [Worker-374] WARN  o.e.m.c.i.embedder.EclipseLogger - Using platform encoding (UTF-8 actually) to copy filtered resources, i.e. build is platform dependent!
2017-01-21 16:09:45,601 [Worker-374] INFO  o.e.m.c.i.embedder.EclipseLogger - skip non existing resourceDirectory /Users/Amanda/FinalYearProject/SensorProgram/src/main/resources
2017-01-21 16:09:45,603 [Worker-374] WARN  o.e.m.c.i.embedder.EclipseLogger - Using platform encoding (UTF-8 actually) to copy filtered resources, i.e. build is platform dependent!
2017-01-21 16:09:45,604 [Worker-374] INFO  o.e.m.c.i.embedder.EclipseLogger - skip non existing resourceDirectory /Users/Amanda/FinalYearProject/SensorProgram/src/test/resources
2017-01-21 16:11:45,574 [Worker-375] WARN  o.e.m.c.i.embedder.EclipseLogger - Using platform encoding (UTF-8 actually) to copy filtered resources, i.e. build is platform dependent!
2017-01-21 16:11:45,575 [Worker-375] INFO  o.e.m.c.i.embedder.EclipseLogger - skip non existing resourceDirectory /Users/Amanda/FinalYearProject/SensorProgram/src/main/resources
2017-01-21 16:11:45,576 [Worker-375] WARN  o.e.m.c.i.embedder.EclipseLogger - Using platform encoding (UTF-8 actually) to copy filtered resources, i.e. build is platform dependent!
2017-01-21 16:11:45,576 [Worker-375] INFO  o.e.m.c.i.embedder.EclipseLogger - skip non existing resourceDirectory /Users/Amanda/FinalYearProject/SensorProgram/src/test/resources
2017-01-21 16:18:07,982 [Worker-376] WARN  o.e.m.c.i.embedder.EclipseLogger - Using platform encoding (UTF-8 actually) to copy filtered resources, i.e. build is platform dependent!
2017-01-21 16:18:07,982 [Worker-376] INFO  o.e.m.c.i.embedder.EclipseLogger - skip non existing resourceDirectory /Users/Amanda/FinalYearProject/SensorProgram/src/main/resources
2017-01-21 16:18:07,983 [Worker-376] WARN  o.e.m.c.i.embedder.EclipseLogger - Using platform encoding (UTF-8 actually) to copy filtered resources, i.e. build is platform dependent!
2017-01-21 16:18:07,984 [Worker-376] INFO  o.e.m.c.i.embedder.EclipseLogger - skip non existing resourceDirectory /Users/Amanda/FinalYearProject/SensorProgram/src/test/resources
2017-01-21 17:21:02,346 [Worker-414] WARN  o.e.m.c.i.embedder.EclipseLogger - Using platform encoding (UTF-8 actually) to copy filtered resources, i.e. build is platform dependent!
2017-01-21 17:21:02,347 [Worker-414] INFO  o.e.m.c.i.embedder.EclipseLogger - skip non existing resourceDirectory /Users/Amanda/FinalYearProject/SensorProgram/src/main/resources
2017-01-21 17:21:02,349 [Worker-414] WARN  o.e.m.c.i.embedder.EclipseLogger - Using platform encoding (UTF-8 actually) to copy filtered resources, i.e. build is platform dependent!
2017-01-21 17:21:02,349 [Worker-414] INFO  o.e.m.c.i.embedder.EclipseLogger - skip non existing resourceDirectory /Users/Amanda/FinalYearProject/SensorProgram/src/test/resources
2017-01-21 17:21:58,978 [Worker-417] WARN  o.e.m.c.i.embedder.EclipseLogger - Using platform encoding (UTF-8 actually) to copy filtered resources, i.e. build is platform dependent!
2017-01-21 17:21:58,978 [Worker-417] INFO  o.e.m.c.i.embedder.EclipseLogger - skip non existing resourceDirectory /Users/Amanda/FinalYearProject/SensorProgram/src/main/resources
2017-01-21 17:21:58,980 [Worker-417] WARN  o.e.m.c.i.embedder.EclipseLogger - Using platform encoding (UTF-8 actually) to copy filtered resources, i.e. build is platform dependent!
2017-01-21 17:21:58,980 [Worker-417] INFO  o.e.m.c.i.embedder.EclipseLogger - skip non existing resourceDirectory /Users/Amanda/FinalYearProject/SensorProgram/src/test/resources
2017-01-21 17:33:27,020 [Worker-422] WARN  o.e.m.c.i.embedder.EclipseLogger - Using platform encoding (UTF-8 actually) to copy filtered resources, i.e. build is platform dependent!
2017-01-21 17:33:27,020 [Worker-422] INFO  o.e.m.c.i.embedder.EclipseLogger - skip non existing resourceDirectory /Users/Amanda/FinalYearProject/SensorProgram/src/main/resources
2017-01-21 17:33:27,021 [Worker-422] WARN  o.e.m.c.i.embedder.EclipseLogger - Using platform encoding (UTF-8 actually) to copy filtered resources, i.e. build is platform dependent!
2017-01-21 17:33:27,022 [Worker-422] INFO  o.e.m.c.i.embedder.EclipseLogger - skip non existing resourceDirectory /Users/Amanda/FinalYearProject/SensorProgram/src/test/resources
2017-01-25 14:02:46,922 [Worker-6] WARN  o.e.m.c.i.embedder.EclipseLogger - Using platform encoding (UTF-8 actually) to copy filtered resources, i.e. build is platform dependent!
2017-01-25 14:02:46,934 [Worker-6] INFO  o.e.m.c.i.embedder.EclipseLogger - skip non existing resourceDirectory /Users/Amanda/FinalYearProject/SensorProgram/src/main/resources
2017-01-25 14:02:46,936 [Worker-6] WARN  o.e.m.c.i.embedder.EclipseLogger - Using platform encoding (UTF-8 actually) to copy filtered resources, i.e. build is platform dependent!
2017-01-25 14:02:46,937 [Worker-6] INFO  o.e.m.c.i.embedder.EclipseLogger - skip non existing resourceDirectory /Users/Amanda/FinalYearProject/SensorProgram/src/test/resources
2017-01-25 14:06:43,653 [Worker-6] WARN  o.e.m.c.i.embedder.EclipseLogger - Using platform encoding (UTF-8 actually) to copy filtered resources, i.e. build is platform dependent!
2017-01-25 14:06:43,655 [Worker-6] INFO  o.e.m.c.i.embedder.EclipseLogger - skip non existing resourceDirectory /Users/Amanda/FinalYearProject/SensorProgram/src/main/resources
2017-01-25 14:06:43,658 [Worker-6] WARN  o.e.m.c.i.embedder.EclipseLogger - Using platform encoding (UTF-8 actually) to copy filtered resources, i.e. build is platform dependent!
2017-01-25 14:06:43,659 [Worker-6] INFO  o.e.m.c.i.embedder.EclipseLogger - skip non existing resourceDirectory /Users/Amanda/FinalYearProject/SensorProgram/src/test/resources
2017-01-25 14:07:38,406 [Worker-16] WARN  o.e.m.c.i.embedder.EclipseLogger - Using platform encoding (UTF-8 actually) to copy filtered resources, i.e. build is platform dependent!
2017-01-25 14:07:38,408 [Worker-16] INFO  o.e.m.c.i.embedder.EclipseLogger - skip non existing resourceDirectory /Users/Amanda/FinalYearProject/SensorProgram/src/main/resources
2017-01-25 14:07:38,409 [Worker-16] WARN  o.e.m.c.i.embedder.EclipseLogger - Using platform encoding (UTF-8 actually) to copy filtered resources, i.e. build is platform dependent!
2017-01-25 14:07:38,410 [Worker-16] INFO  o.e.m.c.i.embedder.EclipseLogger - skip non existing resourceDirectory /Users/Amanda/FinalYearProject/SensorProgram/src/test/resources
2017-01-25 14:07:54,079 [Worker-6] WARN  o.e.m.c.i.embedder.EclipseLogger - Using platform encoding (UTF-8 actually) to copy filtered resources, i.e. build is platform dependent!
2017-01-25 14:07:54,079 [Worker-6] INFO  o.e.m.c.i.embedder.EclipseLogger - skip non existing resourceDirectory /Users/Amanda/FinalYearProject/SensorProgram/src/main/resources
2017-01-25 14:07:54,081 [Worker-6] WARN  o.e.m.c.i.embedder.EclipseLogger - Using platform encoding (UTF-8 actually) to copy filtered resources, i.e. build is platform dependent!
2017-01-25 14:07:54,082 [Worker-6] INFO  o.e.m.c.i.embedder.EclipseLogger - skip non existing resourceDirectory /Users/Amanda/FinalYearProject/SensorProgram/src/test/resources
2017-01-25 14:30:36,696 [Worker-14] WARN  o.e.m.c.i.embedder.EclipseLogger - Using platform encoding (UTF-8 actually) to copy filtered resources, i.e. build is platform dependent!
2017-01-25 14:30:36,702 [Worker-14] INFO  o.e.m.c.i.embedder.EclipseLogger - skip non existing resourceDirectory /Users/Amanda/FinalYearProject/SensorProgram/src/main/resources
2017-01-25 14:30:36,705 [Worker-14] WARN  o.e.m.c.i.embedder.EclipseLogger - Using platform encoding (UTF-8 actually) to copy filtered resources, i.e. build is platform dependent!
2017-01-25 14:30:36,707 [Worker-14] INFO  o.e.m.c.i.embedder.EclipseLogger - skip non existing resourceDirectory /Users/Amanda/FinalYearProject/SensorProgram/src/test/resources
2017-01-25 14:31:09,140 [Worker-4] WARN  o.e.m.c.i.embedder.EclipseLogger - Using platform encoding (UTF-8 actually) to copy filtered resources, i.e. build is platform dependent!
2017-01-25 14:31:09,147 [Worker-4] INFO  o.e.m.c.i.embedder.EclipseLogger - skip non existing resourceDirectory /Users/Amanda/FinalYearProject/SensorProgram/src/main/resources
2017-01-25 14:31:09,151 [Worker-4] WARN  o.e.m.c.i.embedder.EclipseLogger - Using platform encoding (UTF-8 actually) to copy filtered resources, i.e. build is platform dependent!
2017-01-25 14:31:09,152 [Worker-4] INFO  o.e.m.c.i.embedder.EclipseLogger - skip non existing resourceDirectory /Users/Amanda/FinalYearProject/SensorProgram/src/test/resources
2017-01-25 14:31:53,941 [Worker-13] WARN  o.e.m.c.i.embedder.EclipseLogger - Using platform encoding (UTF-8 actually) to copy filtered resources, i.e. build is platform dependent!
2017-01-25 14:31:53,941 [Worker-13] INFO  o.e.m.c.i.embedder.EclipseLogger - skip non existing resourceDirectory /Users/Amanda/FinalYearProject/SensorProgram/src/main/resources
2017-01-25 14:31:53,943 [Worker-13] WARN  o.e.m.c.i.embedder.EclipseLogger - Using platform encoding (UTF-8 actually) to copy filtered resources, i.e. build is platform dependent!
2017-01-25 14:31:53,944 [Worker-13] INFO  o.e.m.c.i.embedder.EclipseLogger - skip non existing resourceDirectory /Users/Amanda/FinalYearProject/SensorProgram/src/test/resources
2017-01-25 16:58:37,720 [Worker-14] WARN  o.e.m.c.i.embedder.EclipseLogger - Using platform encoding (UTF-8 actually) to copy filtered resources, i.e. build is platform dependent!
2017-01-25 16:58:37,742 [Worker-14] INFO  o.e.m.c.i.embedder.EclipseLogger - skip non existing resourceDirectory /Users/Amanda/FinalYearProject/SensorProgram/src/main/resources
2017-01-25 16:58:37,744 [Worker-14] WARN  o.e.m.c.i.embedder.EclipseLogger - Using platform encoding (UTF-8 actually) to copy filtered resources, i.e. build is platform dependent!
2017-01-25 16:58:37,745 [Worker-14] INFO  o.e.m.c.i.embedder.EclipseLogger - skip non existing resourceDirectory /Users/Amanda/FinalYearProject/SensorProgram/src/test/resources
2017-01-25 16:58:50,248 [Worker-6] WARN  o.e.m.c.i.embedder.EclipseLogger - Using platform encoding (UTF-8 actually) to copy filtered resources, i.e. build is platform dependent!
2017-01-25 16:58:50,258 [Worker-6] INFO  o.e.m.c.i.embedder.EclipseLogger - skip non existing resourceDirectory /Users/Amanda/FinalYearProject/SensorProgram/src/main/resources
2017-01-25 16:58:50,260 [Worker-6] WARN  o.e.m.c.i.embedder.EclipseLogger - Using platform encoding (UTF-8 actually) to copy filtered resources, i.e. build is platform dependent!
2017-01-25 16:58:50,262 [Worker-6] INFO  o.e.m.c.i.embedder.EclipseLogger - skip non existing resourceDirectory /Users/Amanda/FinalYearProject/SensorProgram/src/test/resources
2017-01-25 16:58:55,425 [Worker-2] WARN  o.e.m.c.i.embedder.EclipseLogger - Using platform encoding (UTF-8 actually) to copy filtered resources, i.e. build is platform dependent!
2017-01-25 16:58:55,426 [Worker-2] INFO  o.e.m.c.i.embedder.EclipseLogger - skip non existing resourceDirectory /Users/Amanda/FinalYearProject/SensorProgram/src/main/resources
2017-01-25 16:58:55,428 [Worker-2] WARN  o.e.m.c.i.embedder.EclipseLogger - Using platform encoding (UTF-8 actually) to copy filtered resources, i.e. build is platform dependent!
2017-01-25 16:58:55,428 [Worker-2] INFO  o.e.m.c.i.embedder.EclipseLogger - skip non existing resourceDirectory /Users/Amanda/FinalYearProject/SensorProgram/src/test/resources
2017-01-25 17:30:08,156 [Worker-25] WARN  o.e.m.c.i.embedder.EclipseLogger - Using platform encoding (UTF-8 actually) to copy filtered resources, i.e. build is platform dependent!
2017-01-25 17:30:08,159 [Worker-25] INFO  o.e.m.c.i.embedder.EclipseLogger - skip non existing resourceDirectory /Users/Amanda/FinalYearProject/SensorProgram/src/main/resources
2017-01-25 17:30:08,161 [Worker-25] WARN  o.e.m.c.i.embedder.EclipseLogger - Using platform encoding (UTF-8 actually) to copy filtered resources, i.e. build is platform dependent!
2017-01-25 17:30:08,162 [Worker-25] INFO  o.e.m.c.i.embedder.EclipseLogger - skip non existing resourceDirectory /Users/Amanda/FinalYearProject/SensorProgram/src/test/resources
2017-01-25 17:31:21,335 [Worker-25] WARN  o.e.m.c.i.embedder.EclipseLogger - Using platform encoding (UTF-8 actually) to copy filtered resources, i.e. build is platform dependent!
2017-01-25 17:31:21,337 [Worker-25] INFO  o.e.m.c.i.embedder.EclipseLogger - skip non existing resourceDirectory /Users/Amanda/FinalYearProject/SensorProgram/src/main/resources
2017-01-25 17:31:21,339 [Worker-25] WARN  o.e.m.c.i.embedder.EclipseLogger - Using platform encoding (UTF-8 actually) to copy filtered resources, i.e. build is platform dependent!
2017-01-25 17:31:21,339 [Worker-25] INFO  o.e.m.c.i.embedder.EclipseLogger - skip non existing resourceDirectory /Users/Amanda/FinalYearProject/SensorProgram/src/test/resources
2017-01-25 17:37:41,635 [Worker-31] WARN  o.e.m.c.i.embedder.EclipseLogger - Using platform encoding (UTF-8 actually) to copy filtered resources, i.e. build is platform dependent!
2017-01-25 17:37:41,636 [Worker-31] INFO  o.e.m.c.i.embedder.EclipseLogger - skip non existing resourceDirectory /Users/Amanda/FinalYearProject/SensorProgram/src/main/resources
2017-01-25 17:37:41,637 [Worker-31] WARN  o.e.m.c.i.embedder.EclipseLogger - Using platform encoding (UTF-8 actually) to copy filtered resources, i.e. build is platform dependent!
2017-01-25 17:37:41,638 [Worker-31] INFO  o.e.m.c.i.embedder.EclipseLogger - skip non existing resourceDirectory /Users/Amanda/FinalYearProject/SensorProgram/src/test/resources
2017-01-25 17:39:08,354 [Worker-25] WARN  o.e.m.c.i.embedder.EclipseLogger - Using platform encoding (UTF-8 actually) to copy filtered resources, i.e. build is platform dependent!
2017-01-25 17:39:08,355 [Worker-25] INFO  o.e.m.c.i.embedder.EclipseLogger - skip non existing resourceDirectory /Users/Amanda/FinalYearProject/SensorProgram/src/main/resources
2017-01-25 17:39:08,357 [Worker-25] WARN  o.e.m.c.i.embedder.EclipseLogger - Using platform encoding (UTF-8 actually) to copy filtered resources, i.e. build is platform dependent!
2017-01-25 17:39:08,359 [Worker-25] INFO  o.e.m.c.i.embedder.EclipseLogger - skip non existing resourceDirectory /Users/Amanda/FinalYearProject/SensorProgram/src/test/resources
2017-01-25 17:43:03,907 [Worker-20] WARN  o.e.m.c.i.embedder.EclipseLogger - Using platform encoding (UTF-8 actually) to copy filtered resources, i.e. build is platform dependent!
2017-01-25 17:43:03,908 [Worker-20] INFO  o.e.m.c.i.embedder.EclipseLogger - skip non existing resourceDirectory /Users/Amanda/FinalYearProject/SensorProgram/src/main/resources
2017-01-25 17:43:03,911 [Worker-20] WARN  o.e.m.c.i.embedder.EclipseLogger - Using platform encoding (UTF-8 actually) to copy filtered resources, i.e. build is platform dependent!
2017-01-25 17:43:03,912 [Worker-20] INFO  o.e.m.c.i.embedder.EclipseLogger - skip non existing resourceDirectory /Users/Amanda/FinalYearProject/SensorProgram/src/test/resources
2017-01-25 17:53:00,422 [Worker-34] WARN  o.e.m.c.i.embedder.EclipseLogger - Using platform encoding (UTF-8 actually) to copy filtered resources, i.e. build is platform dependent!
2017-01-25 17:53:00,424 [Worker-34] INFO  o.e.m.c.i.embedder.EclipseLogger - skip non existing resourceDirectory /Users/Amanda/FinalYearProject/SensorProgram/src/main/resources
2017-01-25 17:53:00,426 [Worker-34] WARN  o.e.m.c.i.embedder.EclipseLogger - Using platform encoding (UTF-8 actually) to copy filtered resources, i.e. build is platform dependent!
2017-01-25 17:53:00,427 [Worker-34] INFO  o.e.m.c.i.embedder.EclipseLogger - skip non existing resourceDirectory /Users/Amanda/FinalYearProject/SensorProgram/src/test/resources
2017-01-25 17:53:23,582 [Worker-40] WARN  o.e.m.c.i.embedder.EclipseLogger - Using platform encoding (UTF-8 actually) to copy filtered resources, i.e. build is platform dependent!
2017-01-25 17:53:23,583 [Worker-40] INFO  o.e.m.c.i.embedder.EclipseLogger - skip non existing resourceDirectory /Users/Amanda/FinalYearProject/SensorProgram/src/main/resources
2017-01-25 17:53:23,585 [Worker-40] WARN  o.e.m.c.i.embedder.EclipseLogger - Using platform encoding (UTF-8 actually) to copy filtered resources, i.e. build is platform dependent!
2017-01-25 17:53:23,586 [Worker-40] INFO  o.e.m.c.i.embedder.EclipseLogger - skip non existing resourceDirectory /Users/Amanda/FinalYearProject/SensorProgram/src/test/resources
2017-01-25 18:14:04,675 [Worker-49] WARN  o.e.m.c.i.embedder.EclipseLogger - Using platform encoding (UTF-8 actually) to copy filtered resources, i.e. build is platform dependent!
2017-01-25 18:14:04,677 [Worker-49] INFO  o.e.m.c.i.embedder.EclipseLogger - skip non existing resourceDirectory /Users/Amanda/FinalYearProject/SensorProgram/src/main/resources
2017-01-25 18:14:04,680 [Worker-49] WARN  o.e.m.c.i.embedder.EclipseLogger - Using platform encoding (UTF-8 actually) to copy filtered resources, i.e. build is platform dependent!
2017-01-25 18:14:04,681 [Worker-49] INFO  o.e.m.c.i.embedder.EclipseLogger - skip non existing resourceDirectory /Users/Amanda/FinalYearProject/SensorProgram/src/test/resources
2017-01-25 18:14:40,218 [Worker-48] WARN  o.e.m.c.i.embedder.EclipseLogger - Using platform encoding (UTF-8 actually) to copy filtered resources, i.e. build is platform dependent!
2017-01-25 18:14:40,218 [Worker-48] INFO  o.e.m.c.i.embedder.EclipseLogger - skip non existing resourceDirectory /Users/Amanda/FinalYearProject/SensorProgram/src/main/resources
2017-01-25 18:14:40,220 [Worker-48] WARN  o.e.m.c.i.embedder.EclipseLogger - Using platform encoding (UTF-8 actually) to copy filtered resources, i.e. build is platform dependent!
2017-01-25 18:14:40,221 [Worker-48] INFO  o.e.m.c.i.embedder.EclipseLogger - skip non existing resourceDirectory /Users/Amanda/FinalYearProject/SensorProgram/src/test/resources
2017-01-25 18:15:10,451 [Worker-48] WARN  o.e.m.c.i.embedder.EclipseLogger - Using platform encoding (UTF-8 actually) to copy filtered resources, i.e. build is platform dependent!
2017-01-25 18:15:10,454 [Worker-48] INFO  o.e.m.c.i.embedder.EclipseLogger - skip non existing resourceDirectory /Users/Amanda/FinalYearProject/SensorProgram/src/main/resources
2017-01-25 18:15:10,460 [Worker-48] WARN  o.e.m.c.i.embedder.EclipseLogger - Using platform encoding (UTF-8 actually) to copy filtered resources, i.e. build is platform dependent!
2017-01-25 18:15:10,461 [Worker-48] INFO  o.e.m.c.i.embedder.EclipseLogger - skip non existing resourceDirectory /Users/Amanda/FinalYearProject/SensorProgram/src/test/resources
2017-01-25 18:17:01,496 [Worker-47] WARN  o.e.m.c.i.embedder.EclipseLogger - Using platform encoding (UTF-8 actually) to copy filtered resources, i.e. build is platform dependent!
2017-01-25 18:17:01,496 [Worker-47] INFO  o.e.m.c.i.embedder.EclipseLogger - skip non existing resourceDirectory /Users/Amanda/FinalYearProject/SensorProgram/src/main/resources
2017-01-25 18:17:01,498 [Worker-47] WARN  o.e.m.c.i.embedder.EclipseLogger - Using platform encoding (UTF-8 actually) to copy filtered resources, i.e. build is platform dependent!
2017-01-25 18:17:01,498 [Worker-47] INFO  o.e.m.c.i.embedder.EclipseLogger - skip non existing resourceDirectory /Users/Amanda/FinalYearProject/SensorProgram/src/test/resources
2017-01-25 18:17:16,889 [Worker-46] WARN  o.e.m.c.i.embedder.EclipseLogger - Using platform encoding (UTF-8 actually) to copy filtered resources, i.e. build is platform dependent!
2017-01-25 18:17:16,890 [Worker-46] INFO  o.e.m.c.i.embedder.EclipseLogger - skip non existing resourceDirectory /Users/Amanda/FinalYearProject/SensorProgram/src/main/resources
2017-01-25 18:17:16,891 [Worker-46] WARN  o.e.m.c.i.embedder.EclipseLogger - Using platform encoding (UTF-8 actually) to copy filtered resources, i.e. build is platform dependent!
2017-01-25 18:17:16,892 [Worker-46] INFO  o.e.m.c.i.embedder.EclipseLogger - skip non existing resourceDirectory /Users/Amanda/FinalYearProject/SensorProgram/src/test/resources
2017-01-25 18:17:49,045 [Worker-50] WARN  o.e.m.c.i.embedder.EclipseLogger - Using platform encoding (UTF-8 actually) to copy filtered resources, i.e. build is platform dependent!
2017-01-25 18:17:49,047 [Worker-50] INFO  o.e.m.c.i.embedder.EclipseLogger - skip non existing resourceDirectory /Users/Amanda/FinalYearProject/SensorProgram/src/main/resources
2017-01-25 18:17:49,049 [Worker-50] WARN  o.e.m.c.i.embedder.EclipseLogger - Using platform encoding (UTF-8 actually) to copy filtered resources, i.e. build is platform dependent!
2017-01-25 18:17:49,050 [Worker-50] INFO  o.e.m.c.i.embedder.EclipseLogger - skip non existing resourceDirectory /Users/Amanda/FinalYearProject/SensorProgram/src/test/resources
2017-01-25 18:18:36,791 [Worker-51] WARN  o.e.m.c.i.embedder.EclipseLogger - Using platform encoding (UTF-8 actually) to copy filtered resources, i.e. build is platform dependent!
2017-01-25 18:18:36,792 [Worker-51] INFO  o.e.m.c.i.embedder.EclipseLogger - skip non existing resourceDirectory /Users/Amanda/FinalYearProject/SensorProgram/src/main/resources
2017-01-25 18:18:36,793 [Worker-51] WARN  o.e.m.c.i.embedder.EclipseLogger - Using platform encoding (UTF-8 actually) to copy filtered resources, i.e. build is platform dependent!
2017-01-25 18:18:36,794 [Worker-51] INFO  o.e.m.c.i.embedder.EclipseLogger - skip non existing resourceDirectory /Users/Amanda/FinalYearProject/SensorProgram/src/test/resources
2017-01-25 18:18:57,962 [Worker-47] WARN  o.e.m.c.i.embedder.EclipseLogger - Using platform encoding (UTF-8 actually) to copy filtered resources, i.e. build is platform dependent!
2017-01-25 18:18:57,963 [Worker-47] INFO  o.e.m.c.i.embedder.EclipseLogger - skip non existing resourceDirectory /Users/Amanda/FinalYearProject/SensorProgram/src/main/resources
2017-01-25 18:18:57,967 [Worker-47] WARN  o.e.m.c.i.embedder.EclipseLogger - Using platform encoding (UTF-8 actually) to copy filtered resources, i.e. build is platform dependent!
2017-01-25 18:18:57,969 [Worker-47] INFO  o.e.m.c.i.embedder.EclipseLogger - skip non existing resourceDirectory /Users/Amanda/FinalYearProject/SensorProgram/src/test/resources
2017-01-25 18:19:49,922 [Worker-49] WARN  o.e.m.c.i.embedder.EclipseLogger - Using platform encoding (UTF-8 actually) to copy filtered resources, i.e. build is platform dependent!
2017-01-25 18:19:49,923 [Worker-49] INFO  o.e.m.c.i.embedder.EclipseLogger - skip non existing resourceDirectory /Users/Amanda/FinalYearProject/SensorProgram/src/main/resources
2017-01-25 18:19:49,925 [Worker-49] WARN  o.e.m.c.i.embedder.EclipseLogger - Using platform encoding (UTF-8 actually) to copy filtered resources, i.e. build is platform dependent!
2017-01-25 18:19:49,926 [Worker-49] INFO  o.e.m.c.i.embedder.EclipseLogger - skip non existing resourceDirectory /Users/Amanda/FinalYearProject/SensorProgram/src/test/resources
2017-01-25 18:20:04,148 [Worker-47] WARN  o.e.m.c.i.embedder.EclipseLogger - Using platform encoding (UTF-8 actually) to copy filtered resources, i.e. build is platform dependent!
2017-01-25 18:20:04,149 [Worker-47] INFO  o.e.m.c.i.embedder.EclipseLogger - skip non existing resourceDirectory /Users/Amanda/FinalYearProject/SensorProgram/src/main/resources
2017-01-25 18:20:04,150 [Worker-47] WARN  o.e.m.c.i.embedder.EclipseLogger - Using platform encoding (UTF-8 actually) to copy filtered resources, i.e. build is platform dependent!
2017-01-25 18:20:04,151 [Worker-47] INFO  o.e.m.c.i.embedder.EclipseLogger - skip non existing resourceDirectory /Users/Amanda/FinalYearProject/SensorProgram/src/test/resources
2017-01-25 18:21:14,748 [Worker-51] WARN  o.e.m.c.i.embedder.EclipseLogger - Using platform encoding (UTF-8 actually) to copy filtered resources, i.e. build is platform dependent!
2017-01-25 18:21:14,749 [Worker-51] INFO  o.e.m.c.i.embedder.EclipseLogger - skip non existing resourceDirectory /Users/Amanda/FinalYearProject/SensorProgram/src/main/resources
2017-01-25 18:21:14,749 [Worker-51] WARN  o.e.m.c.i.embedder.EclipseLogger - Using platform encoding (UTF-8 actually) to copy filtered resources, i.e. build is platform dependent!
2017-01-25 18:21:14,750 [Worker-51] INFO  o.e.m.c.i.embedder.EclipseLogger - skip non existing resourceDirectory /Users/Amanda/FinalYearProject/SensorProgram/src/test/resources
2017-01-25 18:21:20,185 [Worker-48] WARN  o.e.m.c.i.embedder.EclipseLogger - Using platform encoding (UTF-8 actually) to copy filtered resources, i.e. build is platform dependent!
2017-01-25 18:21:20,186 [Worker-48] INFO  o.e.m.c.i.embedder.EclipseLogger - skip non existing resourceDirectory /Users/Amanda/FinalYearProject/SensorProgram/src/main/resources
2017-01-25 18:21:20,187 [Worker-48] WARN  o.e.m.c.i.embedder.EclipseLogger - Using platform encoding (UTF-8 actually) to copy filtered resources, i.e. build is platform dependent!
2017-01-25 18:21:20,188 [Worker-48] INFO  o.e.m.c.i.embedder.EclipseLogger - skip non existing resourceDirectory /Users/Amanda/FinalYearProject/SensorProgram/src/test/resources
2017-01-25 18:21:43,594 [Worker-50] WARN  o.e.m.c.i.embedder.EclipseLogger - Using platform encoding (UTF-8 actually) to copy filtered resources, i.e. build is platform dependent!
2017-01-25 18:21:43,594 [Worker-50] INFO  o.e.m.c.i.embedder.EclipseLogger - skip non existing resourceDirectory /Users/Amanda/FinalYearProject/SensorProgram/src/main/resources
2017-01-25 18:21:43,596 [Worker-50] WARN  o.e.m.c.i.embedder.EclipseLogger - Using platform encoding (UTF-8 actually) to copy filtered resources, i.e. build is platform dependent!
2017-01-25 18:21:43,596 [Worker-50] INFO  o.e.m.c.i.embedder.EclipseLogger - skip non existing resourceDirectory /Users/Amanda/FinalYearProject/SensorProgram/src/test/resources
2017-01-25 18:22:05,205 [Worker-46] WARN  o.e.m.c.i.embedder.EclipseLogger - Using platform encoding (UTF-8 actually) to copy filtered resources, i.e. build is platform dependent!
2017-01-25 18:22:05,209 [Worker-46] INFO  o.e.m.c.i.embedder.EclipseLogger - skip non existing resourceDirectory /Users/Amanda/FinalYearProject/SensorProgram/src/main/resources
2017-01-25 18:22:05,210 [Worker-46] WARN  o.e.m.c.i.embedder.EclipseLogger - Using platform encoding (UTF-8 actually) to copy filtered resources, i.e. build is platform dependent!
2017-01-25 18:22:05,211 [Worker-46] INFO  o.e.m.c.i.embedder.EclipseLogger - skip non existing resourceDirectory /Users/Amanda/FinalYearProject/SensorProgram/src/test/resources
